[INFO] Scanning for projects...
[WARNING] 
[WARNING] Some problems were encountered while building the effective model for org.example:Lab2:jar:1.0-SNAPSHOT
[WARNING] 'dependencies.dependency.(groupId:artifactId:type:classifier)' must be unique: fr.inria.gforge.spoon:spoon-core:jar -> version 11.1.0 vs 10.4.2 @ line 25, column 21
[WARNING] 
[WARNING] It is highly recommended to fix these problems because they threaten the stability of your build.
[WARNING] 
[WARNING] For this reason, future Maven versions might no longer support building such malformed projects.
[WARNING] 
[INFO] 
[INFO] --------------------------< org.example:Lab2 >--------------------------
[INFO] Building Lab2 1.0-SNAPSHOT
[INFO]   from pom.xml
[INFO] --------------------------------[ jar ]---------------------------------
[INFO] 
[INFO] --- exec:3.6.3:java (default-cli) @ Lab2 ---
Detected: Empty Catch Block at Line[16:18] in class BuggyFile.java
Detected: Empty Method Block at Line[8:10] in class BuggyFile.java
Detected: Always Evaluate to TrueAlways Evaluate to True at Line[24:26] in class BuggyFile.java
Detected: Incorrect String Comparison at Line[39:39] in class BuggyFile.java
Detected: File Not Closed at Line[44:44] in class BuggyFile.java
Detected: Division By Zero at Line[52:52] in class BuggyFile.java
Detected: Division By Zero at Line[57:57] in class BuggyFile.java
[INFO] ------------------------------------------------------------------------
[INFO] BUILD SUCCESS
[INFO] ------------------------------------------------------------------------
[INFO] Total time:  0.468 s
[INFO] Finished at: 2026-05-22T22:46:15-05:00
[INFO] ------------------------------------------------------------------------
